2026-05-06T21:42:34.985+05:30  INFO 5456 --- [auth-service] [main] c.e.a.AuthServiceApplicationTests        : Starting AuthServiceApplicationTests using Java 21.0.9 with PID 5456 (started by DEV SANGAL in D:\ECommerce\ecommerce-app\auth-service\auth-service)
2026-05-06T21:42:34.988+05:30 DEBUG 5456 --- [auth-service] [main] c.e.a.AuthServiceApplicationTests        : Running with Spring Boot v3.5.13, Spring v6.2.17
2026-05-06T21:42:34.996+05:30  INFO 5456 --- [auth-service] [main] c.e.a.AuthServiceApplicationTests        : No active profile set, falling back to 1 default profile: "default"
2026-05-06T21:42:39.489+05:30  INFO 5456 --- [auth-service] [main] .s.d.r.c.RepositoryConfigurationDelegate : Bootstrapping Spring Data JPA repositories in DEFAULT mode.
2026-05-06T21:42:39.690+05:30  INFO 5456 --- [auth-service] [main] .s.d.r.c.RepositoryConfigurationDelegate : Finished Spring Data repository scanning in 169 ms. Found 1 JPA repository interface.
2026-05-06T21:42:41.658+05:30  INFO 5456 --- [auth-service] [main] o.hibernate.jpa.internal.util.LogHelper  : HHH000204: Processing PersistenceUnitInfo [name: default]
2026-05-06T21:42:42.146+05:30  INFO 5456 --- [auth-service] [main] org.hibernate.Version                    : HHH000412: Hibernate ORM core version 6.6.45.Final
2026-05-06T21:42:42.436+05:30  INFO 5456 --- [auth-service] [main] o.h.c.internal.RegionFactoryInitiator    : HHH000026: Second-level cache disabled
2026-05-06T21:42:43.949+05:30  INFO 5456 --- [auth-service] [main] o.s.o.j.p.SpringPersistenceUnitInfo      : No LoadTimeWeaver setup: ignoring JPA class transformer
2026-05-06T21:42:44.054+05:30  INFO 5456 --- [auth-service] [main] com.zaxxer.hikari.HikariDataSource       : HikariPool-1 - Starting...
2026-05-06T21:42:46.585+05:30  INFO 5456 --- [auth-service] [main] com.zaxxer.hikari.pool.HikariPool        : HikariPool-1 - Added connection com.mysql.cj.jdbc.ConnectionImpl@1ff542a3
2026-05-06T21:42:46.593+05:30  INFO 5456 --- [auth-service] [main] com.zaxxer.hikari.HikariDataSource       : HikariPool-1 - Start completed.
2026-05-06T21:42:46.958+05:30  INFO 5456 --- [auth-service] [main] org.hibernate.orm.connections.pooling    : HHH10001005: Database info:
	Database JDBC URL [Connecting through datasource 'HikariDataSource (HikariPool-1)']
	Database driver: undefined/unknown
	Database version: 8.0.44
	Autocommit mode: undefined/unknown
	Isolation level: undefined/unknown
	Minimum pool size: undefined/unknown
	Maximum pool size: undefined/unknown
2026-05-06T21:42:54.995+05:30  INFO 5456 --- [auth-service] [main] o.h.e.t.j.p.i.JtaPlatformInitiator       : HHH000489: No JTA platform available (set 'hibernate.transaction.jta.platform' to enable JTA platform integration)
2026-05-06T21:43:04.274+05:30  INFO 5456 --- [auth-service] [main] j.LocalContainerEntityManagerFactoryBean : Initialized JPA EntityManagerFactory for persistence unit 'default'
2026-05-06T21:43:10.420+05:30  WARN 5456 --- [auth-service] [main] JpaBaseConfiguration$JpaWebConfiguration : spring.jpa.open-in-view is enabled by default. Therefore, database queries may be performed during view rendering. Explicitly configure spring.jpa.open-in-view to disable this warning
2026-05-06T21:43:10.696+05:30  WARN 5456 --- [auth-service] [main] .s.s.UserDetailsServiceAutoConfiguration : 

Using generated security password: a0963f56-4978-44ca-ba37-6eefcf33e0ef

This generated password is for development use only. Your security configuration must be updated before running your application in production.

2026-05-06T21:43:10.783+05:30  INFO 5456 --- [auth-service] [main] r$InitializeUserDetailsManagerConfigurer : Global AuthenticationManager configured with UserDetailsService bean with name inMemoryUserDetailsManager
2026-05-06T21:43:18.000+05:30  INFO 5456 --- [auth-service] [main] c.e.a.AuthServiceApplicationTests        : Started AuthServiceApplicationTests in 44.544 seconds (process running for 49.136)
2026-05-06T21:43:29.199+05:30  INFO 5456 --- [auth-service] [SpringApplicationShutdownHook] j.LocalContainerEntityManagerFactoryBean : Closing JPA EntityManagerFactory for persistence unit 'default'
2026-05-06T21:43:29.212+05:30  INFO 5456 --- [auth-service] [SpringApplicationShutdownHook] com.zaxxer.hikari.HikariDataSource       : HikariPool-1 - Shutdown initiated...
2026-05-06T21:43:29.297+05:30  INFO 5456 --- [auth-service] [SpringApplicationShutdownHook] com.zaxxer.hikari.HikariDataSource       : HikariPool-1 - Shutdown completed.
